[debug] [2022-08-13T16:03:14.889Z] ----------------------------------------------------------------------
[debug] [2022-08-13T16:03:14.890Z] Command:       /usr/local/bin/node /usr/local/bin/firebase init hosting
[debug] [2022-08-13T16:03:14.890Z] CLI Version:   11.4.0
[debug] [2022-08-13T16:03:14.890Z] Platform:      darwin
[debug] [2022-08-13T16:03:14.890Z] Node Version:  v18.2.0
[debug] [2022-08-13T16:03:14.891Z] Time:          Sat Aug 13 2022 12:03:14 GMT-0400 (Eastern Daylight Time)
[debug] [2022-08-13T16:03:14.891Z] ----------------------------------------------------------------------
[debug] 
[debug] [2022-08-13T16:03:14.894Z] > command requires scopes: ["email","openid","https://www.googleapis.com/auth/cloudplatformprojects.readonly","https://www.googleapis.com/auth/firebase","https://www.googleapis.com/auth/cloud-platform"]
[debug] [2022-08-13T16:03:14.894Z] > authorizing via signed-in user (cassandra.curcio@gmail.com)
[info] 
     ######## #### ########  ######## ########     ###     ######  ########
     ##        ##  ##     ## ##       ##     ##  ##   ##  ##       ##
     ######    ##  ########  ######   ########  #########  ######  ######
     ##        ##  ##    ##  ##       ##     ## ##     ##       ## ##
     ##       #### ##     ## ######## ########  ##     ##  ######  ########

You're about to initialize a Firebase project in this directory:

  /Users/cassichan/personal-projects/cassies-react-calculator

[info] 
=== Project Setup
[info] 
[info] First, let's associate this project directory with a Firebase project.
[info] You can create multiple project aliases by running firebase use --add, 
[info] but for now we'll just set up a default project.
[info] 
[info] i  If you want to create a project in a Google Cloud organization or folder, please use "firebase projects:create" instead, and return to this command when you've created the project. 
[debug] [2022-08-13T16:03:47.362Z] >>> [apiv2][query] POST https://cloudresourcemanager.googleapis.com/v1/projects [none]
[debug] [2022-08-13T16:03:47.363Z] >>> [apiv2][body] POST https://cloudresourcemanager.googleapis.com/v1/projects {"projectId":"cassies-react-calculator","name":"cassies-react-calculator"}
[debug] [2022-08-13T16:03:47.840Z] <<< [apiv2][status] POST https://cloudresourcemanager.googleapis.com/v1/projects 200
[debug] [2022-08-13T16:03:47.841Z] <<< [apiv2][body] POST https://cloudresourcemanager.googleapis.com/v1/projects {"name":"operations/cp.7624855885268640968"}
[debug] [2022-08-13T16:03:47.842Z] >>> [apiv2][query] GET https://cloudresourcemanager.googleapis.com/v1/operations/cp.7624855885268640968 [none]
[debug] [2022-08-13T16:03:48.255Z] <<< [apiv2][status] GET https://cloudresourcemanager.googleapis.com/v1/operations/cp.7624855885268640968 200
[debug] [2022-08-13T16:03:48.256Z] <<< [apiv2][body] GET https://cloudresourcemanager.googleapis.com/v1/operations/cp.7624855885268640968 {"name":"operations/cp.7624855885268640968"}
[debug] [2022-08-13T16:03:48.758Z] [Project Creation Poller] Retrying task index 0
[debug] [2022-08-13T16:03:48.758Z] >>> [apiv2][query] GET https://cloudresourcemanager.googleapis.com/v1/operations/cp.7624855885268640968 [none]
[debug] [2022-08-13T16:03:49.276Z] <<< [apiv2][status] GET https://cloudresourcemanager.googleapis.com/v1/operations/cp.7624855885268640968 200
[debug] [2022-08-13T16:03:49.277Z] <<< [apiv2][body] GET https://cloudresourcemanager.googleapis.com/v1/operations/cp.7624855885268640968 {"name":"operations/cp.7624855885268640968"}
[debug] [2022-08-13T16:03:50.279Z] [Project Creation Poller] Retrying task index 0
[debug] [2022-08-13T16:03:50.280Z] >>> [apiv2][query] GET https://cloudresourcemanager.googleapis.com/v1/operations/cp.7624855885268640968 [none]
[debug] [2022-08-13T16:03:50.710Z] <<< [apiv2][status] GET https://cloudresourcemanager.googleapis.com/v1/operations/cp.7624855885268640968 200
[debug] [2022-08-13T16:03:50.711Z] <<< [apiv2][body] GET https://cloudresourcemanager.googleapis.com/v1/operations/cp.7624855885268640968 {"name":"operations/cp.7624855885268640968","metadata":{"@type":"type.googleapis.com/google.cloudresourcemanager.v1.ProjectCreationStatus","gettable":true}}
[debug] [2022-08-13T16:03:52.712Z] [Project Creation Poller] Retrying task index 0
[debug] [2022-08-13T16:03:52.713Z] >>> [apiv2][query] GET https://cloudresourcemanager.googleapis.com/v1/operations/cp.7624855885268640968 [none]
[debug] [2022-08-13T16:03:53.080Z] <<< [apiv2][status] GET https://cloudresourcemanager.googleapis.com/v1/operations/cp.7624855885268640968 200
[debug] [2022-08-13T16:03:53.080Z] <<< [apiv2][body] GET https://cloudresourcemanager.googleapis.com/v1/operations/cp.7624855885268640968 {"name":"operations/cp.7624855885268640968","metadata":{"@type":"type.googleapis.com/google.cloudresourcemanager.v1.ProjectCreationStatus","gettable":true,"ready":true},"done":true,"response":{"@type":"type.googleapis.com/google.cloudresourcemanager.v1.Project","projectNumber":"541925467032","projectId":"cassies-react-calculator","lifecycleState":"ACTIVE","name":"cassies-react-calculator","createTime":"2022-08-13T16:03:47.742Z"}}
[debug] [2022-08-13T16:03:53.082Z] >>> [apiv2][query] POST https://firebase.googleapis.com/v1beta1/projects/cassies-react-calculator:addFirebase [none]
[debug] [2022-08-13T16:03:55.134Z] <<< [apiv2][status] POST https://firebase.googleapis.com/v1beta1/projects/cassies-react-calculator:addFirebase 200
[debug] [2022-08-13T16:03:55.134Z] <<< [apiv2][body] POST https://firebase.googleapis.com/v1beta1/projects/cassies-react-calculator:addFirebase {"name":"operations/workflows/MjM2NjI0NDYtYjIxNy00ZGQ5LTljNWEtZGM3ZjAyY2M2N2Q3"}
[debug] [2022-08-13T16:03:55.134Z] >>> [apiv2][query] GET https://firebase.googleapis.com/v1beta1/operations/workflows/MjM2NjI0NDYtYjIxNy00ZGQ5LTljNWEtZGM3ZjAyY2M2N2Q3 [none]
[debug] [2022-08-13T16:03:55.603Z] <<< [apiv2][status] GET https://firebase.googleapis.com/v1beta1/operations/workflows/MjM2NjI0NDYtYjIxNy00ZGQ5LTljNWEtZGM3ZjAyY2M2N2Q3 200
[debug] [2022-08-13T16:03:55.603Z] <<< [apiv2][body] GET https://firebase.googleapis.com/v1beta1/operations/workflows/MjM2NjI0NDYtYjIxNy00ZGQ5LTljNWEtZGM3ZjAyY2M2N2Q3 {"name":"operations/workflows/MjM2NjI0NDYtYjIxNy00ZGQ5LTljNWEtZGM3ZjAyY2M2N2Q3"}
[debug] [2022-08-13T16:03:56.104Z] [Add Firebase Poller] Retrying task index 0
[debug] [2022-08-13T16:03:56.104Z] >>> [apiv2][query] GET https://firebase.googleapis.com/v1beta1/operations/workflows/MjM2NjI0NDYtYjIxNy00ZGQ5LTljNWEtZGM3ZjAyY2M2N2Q3 [none]
[debug] [2022-08-13T16:03:56.579Z] <<< [apiv2][status] GET https://firebase.googleapis.com/v1beta1/operations/workflows/MjM2NjI0NDYtYjIxNy00ZGQ5LTljNWEtZGM3ZjAyY2M2N2Q3 200
[debug] [2022-08-13T16:03:56.579Z] <<< [apiv2][body] GET https://firebase.googleapis.com/v1beta1/operations/workflows/MjM2NjI0NDYtYjIxNy00ZGQ5LTljNWEtZGM3ZjAyY2M2N2Q3 {"name":"operations/workflows/MjM2NjI0NDYtYjIxNy00ZGQ5LTljNWEtZGM3ZjAyY2M2N2Q3"}
[debug] [2022-08-13T16:03:57.580Z] [Add Firebase Poller] Retrying task index 0
[debug] [2022-08-13T16:03:57.581Z] >>> [apiv2][query] GET https://firebase.googleapis.com/v1beta1/operations/workflows/MjM2NjI0NDYtYjIxNy00ZGQ5LTljNWEtZGM3ZjAyY2M2N2Q3 [none]
[debug] [2022-08-13T16:03:58.169Z] <<< [apiv2][status] GET https://firebase.googleapis.com/v1beta1/operations/workflows/MjM2NjI0NDYtYjIxNy00ZGQ5LTljNWEtZGM3ZjAyY2M2N2Q3 200
[debug] [2022-08-13T16:03:58.169Z] <<< [apiv2][body] GET https://firebase.googleapis.com/v1beta1/operations/workflows/MjM2NjI0NDYtYjIxNy00ZGQ5LTljNWEtZGM3ZjAyY2M2N2Q3 {"name":"operations/workflows/MjM2NjI0NDYtYjIxNy00ZGQ5LTljNWEtZGM3ZjAyY2M2N2Q3"}
[debug] [2022-08-13T16:04:00.170Z] [Add Firebase Poller] Retrying task index 0
[debug] [2022-08-13T16:04:00.171Z] >>> [apiv2][query] GET https://firebase.googleapis.com/v1beta1/operations/workflows/MjM2NjI0NDYtYjIxNy00ZGQ5LTljNWEtZGM3ZjAyY2M2N2Q3 [none]
[debug] [2022-08-13T16:04:00.505Z] <<< [apiv2][status] GET https://firebase.googleapis.com/v1beta1/operations/workflows/MjM2NjI0NDYtYjIxNy00ZGQ5LTljNWEtZGM3ZjAyY2M2N2Q3 200
[debug] [2022-08-13T16:04:00.505Z] <<< [apiv2][body] GET https://firebase.googleapis.com/v1beta1/operations/workflows/MjM2NjI0NDYtYjIxNy00ZGQ5LTljNWEtZGM3ZjAyY2M2N2Q3 {"name":"operations/workflows/MjM2NjI0NDYtYjIxNy00ZGQ5LTljNWEtZGM3ZjAyY2M2N2Q3"}
[debug] [2022-08-13T16:04:04.506Z] [Add Firebase Poller] Retrying task index 0
[debug] [2022-08-13T16:04:04.508Z] >>> [apiv2][query] GET https://firebase.googleapis.com/v1beta1/operations/workflows/MjM2NjI0NDYtYjIxNy00ZGQ5LTljNWEtZGM3ZjAyY2M2N2Q3 [none]
[debug] [2022-08-13T16:04:04.976Z] <<< [apiv2][status] GET https://firebase.googleapis.com/v1beta1/operations/workflows/MjM2NjI0NDYtYjIxNy00ZGQ5LTljNWEtZGM3ZjAyY2M2N2Q3 200
[debug] [2022-08-13T16:04:04.976Z] <<< [apiv2][body] GET https://firebase.googleapis.com/v1beta1/operations/workflows/MjM2NjI0NDYtYjIxNy00ZGQ5LTljNWEtZGM3ZjAyY2M2N2Q3 {"name":"operations/workflows/MjM2NjI0NDYtYjIxNy00ZGQ5LTljNWEtZGM3ZjAyY2M2N2Q3"}
[debug] [2022-08-13T16:04:12.978Z] [Add Firebase Poller] Retrying task index 0
[debug] [2022-08-13T16:04:12.979Z] >>> [apiv2][query] GET https://firebase.googleapis.com/v1beta1/operations/workflows/MjM2NjI0NDYtYjIxNy00ZGQ5LTljNWEtZGM3ZjAyY2M2N2Q3 [none]
[debug] [2022-08-13T16:04:13.387Z] <<< [apiv2][status] GET https://firebase.googleapis.com/v1beta1/operations/workflows/MjM2NjI0NDYtYjIxNy00ZGQ5LTljNWEtZGM3ZjAyY2M2N2Q3 200
[debug] [2022-08-13T16:04:13.387Z] <<< [apiv2][body] GET https://firebase.googleapis.com/v1beta1/operations/workflows/MjM2NjI0NDYtYjIxNy00ZGQ5LTljNWEtZGM3ZjAyY2M2N2Q3 {"name":"operations/workflows/MjM2NjI0NDYtYjIxNy00ZGQ5LTljNWEtZGM3ZjAyY2M2N2Q3","done":true,"response":{"@type":"type.googleapis.com/google.firebase.service.v1beta1.FirebaseProject","projectId":"cassies-react-calculator","projectNumber":"541925467032","displayName":"cassies-react-calculator","name":"projects/cassies-react-calculator","resources":{"hostingSite":"cassies-react-calculator"}}}
[info] 
[info] 🎉🎉🎉 Your Firebase project is ready! 🎉🎉🎉
[info] 
[info] Project information:
[info]    - Project ID: cassies-react-calculator
[info]    - Project Name: cassies-react-calculator
[info] 
[info] Firebase console is available at
[info] https://console.firebase.google.com/project/cassies-react-calculator/overview
[info] i  Using project cassies-react-calculator (cassies-react-calculator) 
[info] 
=== Hosting Setup
[info] 
[info] Your public directory is the folder (relative to your project directory) that
[info] will contain Hosting assets to be uploaded with firebase deploy. If you
[info] have a build process for your assets, use your build's output directory.
[info] 
[debug] [2022-08-13T16:05:34.514Z] >>> [apiv2][query] GET https://www.gstatic.com/firebasejs/releases.json [none]
[debug] [2022-08-13T16:05:34.593Z] <<< [apiv2][status] GET https://www.gstatic.com/firebasejs/releases.json 200
[debug] [2022-08-13T16:05:34.593Z] <<< [apiv2][body] GET https://www.gstatic.com/firebasejs/releases.json {"current":{"version":"9.9.2","browserURL":"https://www.gstatic.com/firebasejs/9.9.2/firebase.js","packageURL":"https://www.gstatic.com/firebasejs/9.9.2/firebase.tgz"},"live":{"version":"9.9","browserURL":"https://www.gstatic.com/firebasejs/live/9.9/firebase.js","packageURL":"https://www.gstatic.com/firebasejs/live/9.9/firebase.tgz"},"components":{"analytics":"https://www.gstatic.com/firebasejs/9.9.2/firebase-analytics.js","app":"https://www.gstatic.com/firebasejs/9.9.2/firebase-app.js","app-check":"https://www.gstatic.com/firebasejs/9.9.2/firebase-app-check.js","auth":"https://www.gstatic.com/firebasejs/9.9.2/firebase-auth.js","auth/cordova":"https://www.gstatic.com/firebasejs/9.9.2/firebase-auth/cordova.js","auth/react-native":"https://www.gstatic.com/firebasejs/9.9.2/firebase-auth/react-native.js","functions":"https://www.gstatic.com/firebasejs/9.9.2/firebase-functions.js","firestore":"https://www.gstatic.com/firebasejs/9.9.2/firebase-firestore.js","firestore/lite":"https://www.gstatic.com/firebasejs/9.9.2/firebase-firestore/lite.js","installations":"https://www.gstatic.com/firebasejs/9.9.2/firebase-installations.js","storage":"https://www.gstatic.com/firebasejs/9.9.2/firebase-storage.js","performance":"https://www.gstatic.com/firebasejs/9.9.2/firebase-performance.js","remote-config":"https://www.gstatic.com/firebasejs/9.9.2/firebase-remote-config.js","messaging":"https://www.gstatic.com/firebasejs/9.9.2/firebase-messaging.js","messaging/sw":"https://www.gstatic.com/firebasejs/9.9.2/firebase-messaging/sw.js","database":"https://www.gstatic.com/firebasejs/9.9.2/firebase-database.js","firestore.memory":"https://www.gstatic.com/firebasejs/9.9.2/firebase-firestore.memory.js"}}
[info] ✔  Wrote build/index.html 
[info] 
[info] i  Detected a .git folder at /Users/cassichan/personal-projects/cassies-react-calculator 
[info] i  Authorizing with GitHub to upload your service account to a GitHub repository's secrets store. 
[info] 
[info] Visit this URL on this device to log in:
[info] https://github.com/login/oauth/authorize?client_id=89cf50f02ac6aaed3484&state=141446911&redirect_uri=http%3A%2F%2Flocalhost%3A9005&scope=read%3Auser%20repo%20public_repo
[info] 
[info] Waiting for authentication...
[debug] [2022-08-13T16:05:42.174Z] >>> [apiv2][query] POST https://github.com/login/oauth/access_token [none]
[debug] [2022-08-13T16:05:42.174Z] >>> [apiv2][body] POST https://github.com/login/oauth/access_token [stream]
[debug] [2022-08-13T16:05:42.441Z] <<< [apiv2][status] POST https://github.com/login/oauth/access_token 200
[debug] [2022-08-13T16:05:42.442Z] <<< [apiv2][body] POST https://github.com/login/oauth/access_token {"access_token":"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","token_type":"bearer","scope":"read:user,repo"}
[debug] [2022-08-13T16:05:42.449Z] >>> [apiv2][query] GET https://api.github.com/user [none]
[debug] [2022-08-13T16:05:42.730Z] <<< [apiv2][status] GET https://api.github.com/user 200
[debug] [2022-08-13T16:05:42.731Z] <<< [apiv2][body] GET https://api.github.com/user {"login":"cassichan","id":104150784,"node_id":"U_kgDOBjU3AA","avatar_url":"https://avatars.githubusercontent.com/u/104150784?v=4","gravatar_id":"","url":"https://api.github.com/users/cassichan","html_url":"https://github.com/cassichan","followers_url":"https://api.github.com/users/cassichan/followers","following_url":"https://api.github.com/users/cassichan/following{/other_user}","gists_url":"https://api.github.com/users/cassichan/gists{/gist_id}","starred_url":"https://api.github.com/users/cassichan/starred{/owner}{/repo}","subscriptions_url":"https://api.github.com/users/cassichan/subscriptions","organizations_url":"https://api.github.com/users/cassichan/orgs","repos_url":"https://api.github.com/users/cassichan/repos","events_url":"https://api.github.com/users/cassichan/events{/privacy}","received_events_url":"https://api.github.com/users/cassichan/received_events","type":"User","site_admin":false,"name":"Cassandra Curcio","company":null,"blog":"","location":null,"email":null,"hireable":null,"bio":"Full stack developer student with a background in nursing and healthcare","twitter_username":null,"public_repos":48,"public_gists":0,"followers":12,"following":16,"created_at":"2022-04-21T14:12:55Z","updated_at":"2022-07-30T15:37:32Z","private_gists":0,"total_private_repos":0,"owned_private_repos":0,"disk_usage":6806,"collaborators":0,"two_factor_authentication":false,"plan":{"name":"free","space":976562499,"collaborators":0,"private_repos":10000}}
[info] 
[info] ✔  Success! Logged into GitHub as cassichan 
[info] 
